<?xml version="1.0" encoding="UTF-8"?>
<testng-results skipped="0" failed="0" total="1" passed="1">
  <reporter-output>
  </reporter-output>
  <suite name="Default suite" duration-ms="148075" started-at="2020-09-28T12:37:59Z" finished-at="2020-09-28T12:40:27Z">
    <groups>
    </groups>
    <test name="Default test" duration-ms="148075" started-at="2020-09-28T12:37:59Z" finished-at="2020-09-28T12:40:27Z">
      <class name="com.php.test.TestHomePage">
        <test-method status="PASS" signature="setup(java.lang.reflect.Method)[pri:0, instance:com.php.test.TestHomePage@59f99ea]" name="setup" is-config="true" duration-ms="18692" started-at="2020-09-28T18:07:59Z" finished-at="2020-09-28T18:08:18Z">
          <params>
            <param index="0">
              <value>
                <![CDATA[public void com.php.test.TestHomePage.Book2Adults() throws java.lang.InterruptedException]]>
              </value>
            </param>
          </params>
          <reporter-output>
          </reporter-output>
        </test-method> <!-- setup -->
        <test-method status="PASS" signature="Book2Adults()[pri:0, instance:com.php.test.TestHomePage@59f99ea]" name="Book2Adults" duration-ms="124801" started-at="2020-09-28T18:08:18Z" finished-at="2020-09-28T18:10:23Z">
          <reporter-output>
          </reporter-output>
        </test-method> <!-- Book2Adults -->
        <test-method status="PASS" signature="teardown()[pri:0, instance:com.php.test.TestHomePage@59f99ea]" name="teardown" is-config="true" duration-ms="4552" started-at="2020-09-28T18:10:23Z" finished-at="2020-09-28T18:10:27Z">
          <reporter-output>
          </reporter-output>
        </test-method> <!-- teardown -->
      </class> <!-- com.php.test.TestHomePage -->
    </test> <!-- Default test -->
  </suite> <!-- Default suite -->
</testng-results>
